# JRE version: OpenJDK Runtime Environment Temurin-22.0.1+8 (22.0.1+8) (build 22.0.1+8)
# Java VM: OpenJDK 64-Bit Server VM Temurin-22.0.1+8 (22.0.1+8, mixed mode, tiered, compressed oops, compressed class ptrs, g1 gc, windows-amd64)
GC Precious Log:
 CardTable entry size: 512
 Card Set container configuration: InlinePtr #cards 4 size 8 Array Of Cards #cards 16 size 48 Howl #buckets 8 coarsen threshold 3686 Howl Bitmap #cards 512 size 80 coarsen threshold 460 Card regions per heap region 1 cards per card region 4096
 CPUs: 16 total, 16 available
 Memory: 16003M
 Large Page Support: Disabled
 NUMA Support: Disabled
 Compressed Oops: Enabled (Zero based)
 Heap Region Size: 2M
 Heap Min Capacity: 8M
 Heap Initial Capacity: 252M
 Heap Max Capacity: 4002M
 Pre-touch: Disabled
 Parallel Workers: 13
 Concurrent Workers: 3
 Concurrent Refinement Workers: 13
 Periodic GC: Disabled
Heap:
 garbage-first heap   total reserved 4098048K, committed 77824K, used 35970K [0x0000000705e00000, 0x0000000800000000)
  region size 2048K, 3 young (6144K), 2 survivors (4096K)
 Metaspace       used 55682K, committed 56576K, reserved 1114112K
  class space    used 6625K, committed 6976K, reserved 1048576K
GC Heap History (20 events):
Event: 198.735 GC heap before
{Heap before GC invocations=17 (full 0):
 garbage-first heap   total reserved 4098048K, committed 77824K, used 60942K [0x0000000705e00000, 0x0000000800000000)
  region size 2048K, 18 young (36864K), 3 survivors (6144K)
 Metaspace       used 55001K, committed 55808K, reserved 1114112K
  class space    used 6637K, committed 6976K, reserved 1048576K
}
Event: 198.742 GC heap after
{Heap after GC invocations=18 (full 0):
 garbage-first heap   total reserved 4098048K, committed 77824K, used 33370K [0x0000000705e00000, 0x0000000800000000)
  region size 2048K, 3 young (6144K), 3 survivors (6144K)
 Metaspace       used 55001K, committed 55808K, reserved 1114112K
  class space    used 6637K, committed 6976K, reserved 1048576K
}
Event: 224.575 GC heap before
{Heap before GC invocations=18 (full 0):
 garbage-first heap   total reserved 4098048K, committed 77824K, used 62042K [0x0000000705e00000, 0x0000000800000000)
  region size 2048K, 18 young (36864K), 3 survivors (6144K)
 Metaspace       used 55075K, committed 55808K, reserved 1114112K
  class space    used 6639K, committed 6976K, reserved 1048576K
}
Event: 224.586 GC heap after
{Heap after GC invocations=19 (full 0):
 garbage-first heap   total reserved 4098048K, committed 77824K, used 33361K [0x0000000705e00000, 0x0000000800000000)
  region size 2048K, 2 young (4096K), 2 survivors (4096K)
 Metaspace       used 55075K, committed 55808K, reserved 1114112K
  class space    used 6639K, committed 6976K, reserved 1048576K
}
Event: 238.895 GC heap before
{Heap before GC invocations=19 (full 0):
 garbage-first heap   total reserved 4098048K, committed 77824K, used 64081K [0x0000000705e00000, 0x0000000800000000)
  region size 2048K, 18 young (36864K), 2 survivors (4096K)
 Metaspace       used 55154K, committed 55936K, reserved 1114112K
  class space    used 6641K, committed 6976K, reserved 1048576K
}
Event: 238.907 GC heap after
{Heap after GC invocations=20 (full 0):
 garbage-first heap   total reserved 4098048K, committed 77824K, used 34728K [0x0000000705e00000, 0x0000000800000000)
  region size 2048K, 3 young (6144K), 3 survivors (6144K)
 Metaspace       used 55154K, committed 55936K, reserved 1114112K
  class space    used 6641K, committed 6976K, reserved 1048576K
}
Event: 264.088 GC heap before
{Heap before GC invocations=20 (full 0):
 garbage-first heap   total reserved 4098048K, committed 77824K, used 61352K [0x0000000705e00000, 0x0000000800000000)
  region size 2048K, 17 young (34816K), 3 survivors (6144K)
 Metaspace       used 55276K, committed 56000K, reserved 1114112K
  class space    used 6641K, committed 6976K, reserved 1048576K
}
Event: 264.094 GC heap after
{Heap after GC invocations=21 (full 0):
 garbage-first heap   total reserved 4098048K, committed 77824K, used 35488K [0x0000000705e00000, 0x0000000800000000)
  region size 2048K, 3 young (6144K), 3 survivors (6144K)
 Metaspace       used 55276K, committed 56000K, reserved 1114112K
  class space    used 6641K, committed 6976K, reserved 1048576K
}
Event: 290.313 GC heap before
{Heap before GC invocations=21 (full 0):
 garbage-first heap   total reserved 4098048K, committed 77824K, used 60064K [0x0000000705e00000, 0x0000000800000000)
  region size 2048K, 16 young (32768K), 3 survivors (6144K)
 Metaspace       used 55433K, committed 56192K, reserved 1114112K
  class space    used 6641K, committed 6976K, reserved 1048576K
}
Event: 290.317 GC heap after
{Heap after GC invocations=22 (full 0):
 garbage-first heap   total reserved 4098048K, committed 77824K, used 36171K [0x0000000705e00000, 0x0000000800000000)
  region size 2048K, 2 young (4096K), 2 survivors (4096K)
 Metaspace       used 55433K, committed 56192K, reserved 1114112K
  class space    used 6641K, committed 6976K, reserved 1048576K
}
Event: 326.478 GC heap before
{Heap before GC invocations=22 (full 0):
 garbage-first heap   total reserved 4098048K, committed 77824K, used 64843K [0x0000000705e00000, 0x0000000800000000)
  region size 2048K, 17 young (34816K), 2 survivors (4096K)
 Metaspace       used 55560K, committed 56320K, reserved 1114112K
  class space    used 6658K, committed 6976K, reserved 1048576K
}
Event: 326.483 GC heap after
{Heap after GC invocations=23 (full 0):
 garbage-first heap   total reserved 4098048K, committed 77824K, used 37649K [0x0000000705e00000, 0x0000000800000000)
  region size 2048K, 2 young (4096K), 2 survivors (4096K)
 Metaspace       used 55560K, committed 56320K, reserved 1114112K
  class space    used 6658K, committed 6976K, reserved 1048576K
}
Event: 353.265 GC heap before
{Heap before GC invocations=23 (full 0):
 garbage-first heap   total reserved 4098048K, committed 77824K, used 66321K [0x0000000705e00000, 0x0000000800000000)
  region size 2048K, 16 young (32768K), 2 survivors (4096K)
 Metaspace       used 55640K, committed 56384K, reserved 1114112K
  class space    used 6660K, committed 6976K, reserved 1048576K
}
Event: 353.272 GC heap after
{Heap after GC invocations=24 (full 0):
 garbage-first heap   total reserved 4098048K, committed 77824K, used 39012K [0x0000000705e00000, 0x0000000800000000)
  region size 2048K, 2 young (4096K), 2 survivors (4096K)
 Metaspace       used 55640K, committed 56384K, reserved 1114112K
  class space    used 6660K, committed 6976K, reserved 1048576K
}
Event: 382.973 GC heap before
{Heap before GC invocations=24 (full 0):
 garbage-first heap   total reserved 4098048K, committed 77824K, used 63588K [0x0000000705e00000, 0x0000000800000000)
  region size 2048K, 15 young (30720K), 2 survivors (4096K)
 Metaspace       used 55688K, committed 56448K, reserved 1114112K
  class space    used 6660K, committed 6976K, reserved 1048576K
}
Event: 382.998 GC heap after
{Heap after GC invocations=25 (full 0):
 garbage-first heap   total reserved 4098048K, committed 77824K, used 40254K [0x0000000705e00000, 0x0000000800000000)
  region size 2048K, 2 young (4096K), 2 survivors (4096K)
 Metaspace       used 55688K, committed 56448K, reserved 1114112K
  class space    used 6660K, committed 6976K, reserved 1048576K
}
Event: 411.465 GC heap before
{Heap before GC invocations=26 (full 0):
 garbage-first heap   total reserved 4098048K, committed 77824K, used 64830K [0x0000000705e00000, 0x0000000800000000)
  region size 2048K, 15 young (30720K), 2 survivors (4096K)
 Metaspace       used 55593K, committed 56512K, reserved 1114112K
  class space    used 6611K, committed 6976K, reserved 1048576K
}
Event: 411.473 GC heap after
{Heap after GC invocations=27 (full 0):
 garbage-first heap   total reserved 4098048K, committed 77824K, used 41777K [0x0000000705e00000, 0x0000000800000000)
  region size 2048K, 2 young (4096K), 2 survivors (4096K)
 Metaspace       used 55593K, committed 56512K, reserved 1114112K
  class space    used 6611K, committed 6976K, reserved 1048576K
}
Event: 416.665 GC heap before
{Heap before GC invocations=27 (full 0):
 garbage-first heap   total reserved 4098048K, committed 77824K, used 64305K [0x0000000705e00000, 0x0000000800000000)
  region size 2048K, 14 young (28672K), 2 survivors (4096K)
 Metaspace       used 55678K, committed 56512K, reserved 1114112K
  class space    used 6625K, committed 6976K, reserved 1048576K
}
Event: 416.675 GC heap after
{Heap after GC invocations=28 (full 0):
 garbage-first heap   total reserved 4098048K, committed 77824K, used 35970K [0x0000000705e00000, 0x0000000800000000)
  region size 2048K, 2 young (4096K), 2 survivors (4096K)
 Metaspace       used 55678K, committed 56512K, reserved 1114112K
  class space    used 6625K, committed 6976K, reserved 1048576K
}

