<?xml version="1.0" encoding="UTF-8"?>
<testng-results ignored="0" total="1" passed="1" failed="0" skipped="0">
  <reporter-output>
  </reporter-output>
  <suite started-at="2024-08-08T17:02:47 CDT" name="Default suite" finished-at="2024-08-08T17:02:55 CDT" duration-ms="7977">
    <groups>
      <group name="cucumber">
        <method signature="AbstractTestNGCucumberTests.runScenario(io.cucumber.testng.PickleWrapper,io.cucumber.testng.FeatureWrapper)[pri:0, instance:testRunner.TestRunner@6f204a1a]" name="runScenario" class="io.cucumber.testng.AbstractTestNGCucumberTests"/>
      </group> <!-- cucumber -->
    </groups>
    <test started-at="2024-08-08T17:02:47 CDT" name="Default test" finished-at="2024-08-08T17:02:55 CDT" duration-ms="7977">
      <class name="testRunner.TestRunner">
        <test-method is-config="true" signature="setUpClass(org.testng.ITestContext)[pri:0, instance:testRunner.TestRunner@6f204a1a]" started-at="2024-08-08T17:02:47 CDT" name="setUpClass" finished-at="2024-08-08T17:02:48 CDT" duration-ms="630" status="PASS">
          <params>
            <param index="0">
              <value>
                <![CDATA[org.testng.TestRunner@7c3c453b]]>
              </value>
            </param>
          </params>
          <reporter-output>
          </reporter-output>
        </test-method> <!-- setUpClass -->
        <test-method signature="runScenario(io.cucumber.testng.PickleWrapper,io.cucumber.testng.FeatureWrapper)[pri:0, instance:testRunner.TestRunner@6f204a1a]" started-at="2024-08-08T17:02:48 CDT" name="runScenario" description="Runs Cucumber Scenarios" data-provider="scenarios" finished-at="2024-08-08T17:02:53 CDT" duration-ms="5649" status="PASS">
          <params>
            <param index="0">
              <value>
                <![CDATA["Test Login with valid username and password"]]>
              </value>
            </param>
            <param index="1">
              <value>
                <![CDATA["To test the functionality of Login"]]>
              </value>
            </param>
          </params>
          <reporter-output>
          </reporter-output>
        </test-method> <!-- runScenario -->
        <test-method is-config="true" signature="tearDownClass()[pri:0, instance:testRunner.TestRunner@6f204a1a]" started-at="2024-08-08T17:02:53 CDT" name="tearDownClass" finished-at="2024-08-08T17:02:55 CDT" duration-ms="1658" status="PASS">
          <reporter-output>
          </reporter-output>
        </test-method> <!-- tearDownClass -->
      </class> <!-- testRunner.TestRunner -->
    </test> <!-- Default test -->
  </suite> <!-- Default suite -->
</testng-results>
